

Version:	3.12
CmdLine:	C:\Users\rodolfo.matamoros\Documents\NetBeansProjects\cbsUtils\Exe\cbsUtils.exe --l4j-debug
WOW64:		yes
Working dir:	C:\Users\rodolfo.matamoros\Documents\NetBeansProjects\cbsUtils\Exe\.
Java min ver:	1.008.000_221
Java max ver:	
64-bit search:	SOFTWARE\JavaSoft\Java Runtime Environment...
Check:		SOFTWARE\JavaSoft\Java Runtime Environment\1.8
Ignore:		1.008.000
Check:		SOFTWARE\JavaSoft\Java Runtime Environment\1.8.0_144
Ignore:		1.008.000_144
32-bit search:	SOFTWARE\JavaSoft\Java Runtime Environment...
Check:		SOFTWARE\JavaSoft\Java Runtime Environment\1.8
Ignore:		1.008.000
Check:		SOFTWARE\JavaSoft\Java Runtime Environment\1.8.0_221
Check launcher:	C:\Program Files (x86)\Java\jre1.8.0_221\bin\javaw.exe (OK)
Match:		1.008.000_221
64-bit search:	SOFTWARE\JavaSoft\Java Development Kit...
Check:		SOFTWARE\JavaSoft\Java Development Kit\1.8
Ignore:		1.008.000
Check:		SOFTWARE\JavaSoft\Java Development Kit\1.8.0_144
Ignore:		1.008.000_144
32-bit search:	SOFTWARE\JavaSoft\Java Development Kit...
64-bit search:	SOFTWARE\JavaSoft\JRE...
32-bit search:	SOFTWARE\JavaSoft\JRE...
64-bit search:	SOFTWARE\JavaSoft\JDK...
32-bit search:	SOFTWARE\JavaSoft\JDK...
Runtime used:	1.008.000_221 (32-bit)
Main class:	com.pfcti.cbsutils.cbsUtils
Add classpath:	dependency\java-util-1.3.6.jar
Add classpath:	dependency\slf4j-api-1.7.22.jar
Add classpath:	dependency\config-magic-0.17.jar
Add classpath:	dependency\guava-16.0.1.jar
Add classpath:	dependency\jackson-annotations-2.6.7.jar
Add classpath:	dependency\jackson-core-2.6.7.jar
Add classpath:	dependency\jackson-databind-2.6.7.jar
Add classpath:	dependency\opencsv-2.3.jar
Add classpath:	dependency\joda-time-2.9.7.jar
Add classpath:	dependency\rhino-1.7R5.jar
Add classpath:	dependency\json-path-2.1.0.jar
Add classpath:	dependency\netty-3.10.6.Final.jar
Add classpath:	dependency\jsr305-2.0.1.jar
Add classpath:	dependency\validation-api-1.1.0.Final.jar
Add classpath:	dependency\async-http-client-2.9.0.jar
Add classpath:	dependency\async-http-client-netty-utils-2.9.0.jar
Add classpath:	dependency\netty-buffer-4.1.33.Final.jar
Add classpath:	dependency\netty-codec-http-4.1.33.Final.jar
Add classpath:	dependency\netty-common-4.1.33.Final.jar
Add classpath:	dependency\netty-transport-4.1.33.Final.jar
Add classpath:	dependency\netty-codec-4.1.33.Final.jar
Add classpath:	dependency\netty-handler-4.1.33.Final.jar
Add classpath:	dependency\netty-codec-socks-4.1.33.Final.jar
Add classpath:	dependency\netty-handler-proxy-4.1.33.Final.jar
Add classpath:	dependency\netty-transport-native-epoll-4.1.33.Final-linux-x86_64.jar
Add classpath:	dependency\netty-transport-native-unix-common-4.1.33.Final.jar
Add classpath:	dependency\netty-resolver-dns-4.1.33.Final.jar
Add classpath:	dependency\netty-resolver-4.1.33.Final.jar
Add classpath:	dependency\netty-codec-dns-4.1.33.Final.jar
Add classpath:	dependency\reactive-streams-1.0.2.jar
Add classpath:	dependency\netty-reactive-streams-2.0.0.jar
Add classpath:	dependency\javax.activation-1.2.0.jar
Add classpath:	dependency\jvm-attach-api-1.2.jar
Add classpath:	dependency\commons-io-2.6.jar
Add classpath:	dependency\ojdbc8-19.6.0.0.jar
Add classpath:	dependency\ucp-19.6.0.0.jar
Add classpath:	dependency\oraclepki-19.6.0.0.jar
Add classpath:	dependency\osdt_cert-19.6.0.0.jar
Add classpath:	dependency\osdt_core-19.6.0.0.jar
Add classpath:	dependency\simplefan-19.6.0.0.jar
Add classpath:	dependency\ons-19.6.0.0.jar
Launcher:	C:\Program Files (x86)\Java\jre1.8.0_221\bin\javaw.exe
Launcher args:	-classpath "dependency\java-util-1.3.6.jar;dependency\slf4j-api-1.7.22.jar;dependency\config-magic-0.17.jar;dependency\guava-16.0.1.jar;dependency\jackson-annotations-2.6.7.jar;dependency\jackson-core-2.6.7.jar;dependency\jackson-databind-2.6.7.jar;dependency\opencsv-2.3.jar;dependency\joda-time-2.9.7.jar;dependency\rhino-1.7R5.jar;dependency\json-path-2.1.0.jar;dependency\netty-3.10.6.Final.jar;dependency\jsr305-2.0.1.jar;dependency\validation-api-1.1.0.Final.jar;dependency\async-http-client-2.9.0.jar;dependency\async-http-client-netty-utils-2.9.0.jar;dependency\netty-buffer-4.1.33.Final.jar;dependency\netty-codec-http-4.1.33.Final.jar;dependency\netty-common-4.1.33.Final.jar;dependency\netty-transport-4.1.33.Final.jar;dependency\netty-codec-4.1.33.Final.jar;dependency\netty-handler-4.1.33.Final.jar;dependency\netty-codec-socks-4.1.33.Final.jar;dependency\netty-handler-proxy-4.1.33.Final.jar;dependency\netty-transport-native-epoll-4.1.33.Final-linux-x86_64.jar;dependency\netty-transport-native-unix-common-4.1.33.Final.jar;dependency\netty-resolver-dns-4.1.33.Final.jar;dependency\netty-resolver-4.1.33.Final.jar;dependency\netty-codec-dns-4.1.33.Final.jar;dependency\reactive-streams-1.0.2.jar;dependency\netty-reactive-streams-2.0.0.jar;dependency\javax.activation-1.2.0.jar;dependency\jvm-attach-api-1.2.jar;dependency\commons-io-2.6.jar;dependency\ojdbc8-19.6.0.0.jar;dependency\ucp-19.6.0.0.jar;dependency\oraclepki-19.6.0.0.jar;dependency\osdt_cert-19.6.0.0.jar;dependency\osdt_core-19.6.0.0.jar;dependency\simplefan-19.6.0.0.jar;dependency\ons-19.6.0.0.jar" com.pfcti.cbsutils.cbsUtils
Args length:	1608/32768 chars
Exit code:	0


Version:	3.12
CmdLine:	C:\Users\rodolfo.matamoros\Documents\NetBeansProjects\cbsUtils\Exe\cbsUtils.exe --l4j-debug
WOW64:		yes
Working dir:	C:\Users\rodolfo.matamoros\Documents\NetBeansProjects\cbsUtils\Exe\.
Java min ver:	1.008.000_221
Java max ver:	
64-bit search:	SOFTWARE\JavaSoft\Java Runtime Environment...
Check:		SOFTWARE\JavaSoft\Java Runtime Environment\1.8
Ignore:		1.008.000
Check:		SOFTWARE\JavaSoft\Java Runtime Environment\1.8.0_144
Ignore:		1.008.000_144
32-bit search:	SOFTWARE\JavaSoft\Java Runtime Environment...
Check:		SOFTWARE\JavaSoft\Java Runtime Environment\1.8
Ignore:		1.008.000
Check:		SOFTWARE\JavaSoft\Java Runtime Environment\1.8.0_221
Check launcher:	C:\Program Files (x86)\Java\jre1.8.0_221\bin\javaw.exe (OK)
Match:		1.008.000_221
64-bit search:	SOFTWARE\JavaSoft\Java Development Kit...
Check:		SOFTWARE\JavaSoft\Java Development Kit\1.8
Ignore:		1.008.000
Check:		SOFTWARE\JavaSoft\Java Development Kit\1.8.0_144
Ignore:		1.008.000_144
32-bit search:	SOFTWARE\JavaSoft\Java Development Kit...
64-bit search:	SOFTWARE\JavaSoft\JRE...
32-bit search:	SOFTWARE\JavaSoft\JRE...
64-bit search:	SOFTWARE\JavaSoft\JDK...
32-bit search:	SOFTWARE\JavaSoft\JDK...
Runtime used:	1.008.000_221 (32-bit)
Main class:	com.pfcti.cbsutils.cbsUtils
Add classpath:	dependency\java-util-1.3.6.jar
Add classpath:	dependency\slf4j-api-1.7.22.jar
Add classpath:	dependency\config-magic-0.17.jar
Add classpath:	dependency\guava-16.0.1.jar
Add classpath:	dependency\jackson-annotations-2.6.7.jar
Add classpath:	dependency\jackson-core-2.6.7.jar
Add classpath:	dependency\jackson-databind-2.6.7.jar
Add classpath:	dependency\opencsv-2.3.jar
Add classpath:	dependency\joda-time-2.9.7.jar
Add classpath:	dependency\rhino-1.7R5.jar
Add classpath:	dependency\json-path-2.1.0.jar
Add classpath:	dependency\netty-3.10.6.Final.jar
Add classpath:	dependency\jsr305-2.0.1.jar
Add classpath:	dependency\validation-api-1.1.0.Final.jar
Add classpath:	dependency\async-http-client-2.9.0.jar
Add classpath:	dependency\async-http-client-netty-utils-2.9.0.jar
Add classpath:	dependency\netty-buffer-4.1.33.Final.jar
Add classpath:	dependency\netty-codec-http-4.1.33.Final.jar
Add classpath:	dependency\netty-common-4.1.33.Final.jar
Add classpath:	dependency\netty-transport-4.1.33.Final.jar
Add classpath:	dependency\netty-codec-4.1.33.Final.jar
Add classpath:	dependency\netty-handler-4.1.33.Final.jar
Add classpath:	dependency\netty-codec-socks-4.1.33.Final.jar
Add classpath:	dependency\netty-handler-proxy-4.1.33.Final.jar
Add classpath:	dependency\netty-transport-native-epoll-4.1.33.Final-linux-x86_64.jar
Add classpath:	dependency\netty-transport-native-unix-common-4.1.33.Final.jar
Add classpath:	dependency\netty-resolver-dns-4.1.33.Final.jar
Add classpath:	dependency\netty-resolver-4.1.33.Final.jar
Add classpath:	dependency\netty-codec-dns-4.1.33.Final.jar
Add classpath:	dependency\reactive-streams-1.0.2.jar
Add classpath:	dependency\netty-reactive-streams-2.0.0.jar
Add classpath:	dependency\javax.activation-1.2.0.jar
Add classpath:	dependency\jvm-attach-api-1.2.jar
Add classpath:	dependency\commons-io-2.6.jar
Add classpath:	dependency\ojdbc8-19.6.0.0.jar
Add classpath:	dependency\ucp-19.6.0.0.jar
Add classpath:	dependency\oraclepki-19.6.0.0.jar
Add classpath:	dependency\osdt_cert-19.6.0.0.jar
Add classpath:	dependency\osdt_core-19.6.0.0.jar
Add classpath:	dependency\simplefan-19.6.0.0.jar
Add classpath:	dependency\ons-19.6.0.0.jar
Launcher:	C:\Program Files (x86)\Java\jre1.8.0_221\bin\javaw.exe
Launcher args:	-classpath "dependency\java-util-1.3.6.jar;dependency\slf4j-api-1.7.22.jar;dependency\config-magic-0.17.jar;dependency\guava-16.0.1.jar;dependency\jackson-annotations-2.6.7.jar;dependency\jackson-core-2.6.7.jar;dependency\jackson-databind-2.6.7.jar;dependency\opencsv-2.3.jar;dependency\joda-time-2.9.7.jar;dependency\rhino-1.7R5.jar;dependency\json-path-2.1.0.jar;dependency\netty-3.10.6.Final.jar;dependency\jsr305-2.0.1.jar;dependency\validation-api-1.1.0.Final.jar;dependency\async-http-client-2.9.0.jar;dependency\async-http-client-netty-utils-2.9.0.jar;dependency\netty-buffer-4.1.33.Final.jar;dependency\netty-codec-http-4.1.33.Final.jar;dependency\netty-common-4.1.33.Final.jar;dependency\netty-transport-4.1.33.Final.jar;dependency\netty-codec-4.1.33.Final.jar;dependency\netty-handler-4.1.33.Final.jar;dependency\netty-codec-socks-4.1.33.Final.jar;dependency\netty-handler-proxy-4.1.33.Final.jar;dependency\netty-transport-native-epoll-4.1.33.Final-linux-x86_64.jar;dependency\netty-transport-native-unix-common-4.1.33.Final.jar;dependency\netty-resolver-dns-4.1.33.Final.jar;dependency\netty-resolver-4.1.33.Final.jar;dependency\netty-codec-dns-4.1.33.Final.jar;dependency\reactive-streams-1.0.2.jar;dependency\netty-reactive-streams-2.0.0.jar;dependency\javax.activation-1.2.0.jar;dependency\jvm-attach-api-1.2.jar;dependency\commons-io-2.6.jar;dependency\ojdbc8-19.6.0.0.jar;dependency\ucp-19.6.0.0.jar;dependency\oraclepki-19.6.0.0.jar;dependency\osdt_cert-19.6.0.0.jar;dependency\osdt_core-19.6.0.0.jar;dependency\simplefan-19.6.0.0.jar;dependency\ons-19.6.0.0.jar" com.pfcti.cbsutils.cbsUtils
Args length:	1608/32768 chars
Exit code:	0


Version:	3.12
CmdLine:	C:\Users\rodolfo.matamoros\Documents\NetBeansProjects\cbsUtils\Exe\cbsUtils.exe --l4j-debug
WOW64:		yes
Working dir:	C:\Users\rodolfo.matamoros\Documents\NetBeansProjects\cbsUtils\Exe\.
Java min ver:	1.008.000_221
Java max ver:	
64-bit search:	SOFTWARE\JavaSoft\Java Runtime Environment...
Check:		SOFTWARE\JavaSoft\Java Runtime Environment\1.8
Ignore:		1.008.000
Check:		SOFTWARE\JavaSoft\Java Runtime Environment\1.8.0_144
Ignore:		1.008.000_144
32-bit search:	SOFTWARE\JavaSoft\Java Runtime Environment...
Check:		SOFTWARE\JavaSoft\Java Runtime Environment\1.8
Ignore:		1.008.000
Check:		SOFTWARE\JavaSoft\Java Runtime Environment\1.8.0_221
Check launcher:	C:\Program Files (x86)\Java\jre1.8.0_221\bin\javaw.exe (OK)
Match:		1.008.000_221
64-bit search:	SOFTWARE\JavaSoft\Java Development Kit...
Check:		SOFTWARE\JavaSoft\Java Development Kit\1.8
Ignore:		1.008.000
Check:		SOFTWARE\JavaSoft\Java Development Kit\1.8.0_144
Ignore:		1.008.000_144
32-bit search:	SOFTWARE\JavaSoft\Java Development Kit...
64-bit search:	SOFTWARE\JavaSoft\JRE...
32-bit search:	SOFTWARE\JavaSoft\JRE...
64-bit search:	SOFTWARE\JavaSoft\JDK...
32-bit search:	SOFTWARE\JavaSoft\JDK...
Runtime used:	1.008.000_221 (32-bit)
Main class:	com.pfcti.cbsutils.cbsUtils
Add classpath:	dependency\java-util-1.3.6.jar
Add classpath:	dependency\slf4j-api-1.7.22.jar
Add classpath:	dependency\config-magic-0.17.jar
Add classpath:	dependency\guava-16.0.1.jar
Add classpath:	dependency\jackson-annotations-2.6.7.jar
Add classpath:	dependency\jackson-core-2.6.7.jar
Add classpath:	dependency\jackson-databind-2.6.7.jar
Add classpath:	dependency\opencsv-2.3.jar
Add classpath:	dependency\joda-time-2.9.7.jar
Add classpath:	dependency\rhino-1.7R5.jar
Add classpath:	dependency\json-path-2.1.0.jar
Add classpath:	dependency\netty-3.10.6.Final.jar
Add classpath:	dependency\jsr305-2.0.1.jar
Add classpath:	dependency\validation-api-1.1.0.Final.jar
Add classpath:	dependency\async-http-client-2.9.0.jar
Add classpath:	dependency\async-http-client-netty-utils-2.9.0.jar
Add classpath:	dependency\netty-buffer-4.1.33.Final.jar
Add classpath:	dependency\netty-codec-http-4.1.33.Final.jar
Add classpath:	dependency\netty-common-4.1.33.Final.jar
Add classpath:	dependency\netty-transport-4.1.33.Final.jar
Add classpath:	dependency\netty-codec-4.1.33.Final.jar
Add classpath:	dependency\netty-handler-4.1.33.Final.jar
Add classpath:	dependency\netty-codec-socks-4.1.33.Final.jar
Add classpath:	dependency\netty-handler-proxy-4.1.33.Final.jar
Add classpath:	dependency\netty-transport-native-epoll-4.1.33.Final-linux-x86_64.jar
Add classpath:	dependency\netty-transport-native-unix-common-4.1.33.Final.jar
Add classpath:	dependency\netty-resolver-dns-4.1.33.Final.jar
Add classpath:	dependency\netty-resolver-4.1.33.Final.jar
Add classpath:	dependency\netty-codec-dns-4.1.33.Final.jar
Add classpath:	dependency\reactive-streams-1.0.2.jar
Add classpath:	dependency\netty-reactive-streams-2.0.0.jar
Add classpath:	dependency\javax.activation-1.2.0.jar
Add classpath:	dependency\jvm-attach-api-1.2.jar
Add classpath:	dependency\commons-io-2.6.jar
Add classpath:	dependency\ojdbc8-19.6.0.0.jar
Add classpath:	dependency\ucp-19.6.0.0.jar
Add classpath:	dependency\oraclepki-19.6.0.0.jar
Add classpath:	dependency\osdt_cert-19.6.0.0.jar
Add classpath:	dependency\osdt_core-19.6.0.0.jar
Add classpath:	dependency\simplefan-19.6.0.0.jar
Add classpath:	dependency\ons-19.6.0.0.jar
Launcher:	C:\Program Files (x86)\Java\jre1.8.0_221\bin\javaw.exe
Launcher args:	-classpath "C:\Users\rodolfo.matamoros\Documents\NetBeansProjects\cbsUtils\Exe\cbsUtils.exe;dependency\java-util-1.3.6.jar;dependency\slf4j-api-1.7.22.jar;dependency\config-magic-0.17.jar;dependency\guava-16.0.1.jar;dependency\jackson-annotations-2.6.7.jar;dependency\jackson-core-2.6.7.jar;dependency\jackson-databind-2.6.7.jar;dependency\opencsv-2.3.jar;dependency\joda-time-2.9.7.jar;dependency\rhino-1.7R5.jar;dependency\json-path-2.1.0.jar;dependency\netty-3.10.6.Final.jar;dependency\jsr305-2.0.1.jar;dependency\validation-api-1.1.0.Final.jar;dependency\async-http-client-2.9.0.jar;dependency\async-http-client-netty-utils-2.9.0.jar;dependency\netty-buffer-4.1.33.Final.jar;dependency\netty-codec-http-4.1.33.Final.jar;dependency\netty-common-4.1.33.Final.jar;dependency\netty-transport-4.1.33.Final.jar;dependency\netty-codec-4.1.33.Final.jar;dependency\netty-handler-4.1.33.Final.jar;dependency\netty-codec-socks-4.1.33.Final.jar;dependency\netty-handler-proxy-4.1.33.Final.jar;dependency\netty-transport-native-epoll-4.1.33.Final-linux-x86_64.jar;dependency\netty-transport-native-unix-common-4.1.33.Final.jar;dependency\netty-resolver-dns-4.1.33.Final.jar;dependency\netty-resolver-4.1.33.Final.jar;dependency\netty-codec-dns-4.1.33.Final.jar;dependency\reactive-streams-1.0.2.jar;dependency\netty-reactive-streams-2.0.0.jar;dependency\javax.activation-1.2.0.jar;dependency\jvm-attach-api-1.2.jar;dependency\commons-io-2.6.jar;dependency\ojdbc8-19.6.0.0.jar;dependency\ucp-19.6.0.0.jar;dependency\oraclepki-19.6.0.0.jar;dependency\osdt_cert-19.6.0.0.jar;dependency\osdt_core-19.6.0.0.jar;dependency\simplefan-19.6.0.0.jar;dependency\ons-19.6.0.0.jar" com.pfcti.cbsutils.cbsUtils
Args length:	1688/32768 chars
Exit code:	0


Version:	3.12
CmdLine:	C:\Users\rodolfo.matamoros\Documents\NetBeansProjects\cbsUtils\Exe\cbsUtils.exe --l4j-debug
WOW64:		yes
Working dir:	C:\Users\rodolfo.matamoros\Documents\NetBeansProjects\cbsUtils\Exe\.
Java min ver:	1.008.000_221
Java max ver:	
64-bit search:	SOFTWARE\JavaSoft\Java Runtime Environment...
Check:		SOFTWARE\JavaSoft\Java Runtime Environment\1.8
Ignore:		1.008.000
Check:		SOFTWARE\JavaSoft\Java Runtime Environment\1.8.0_144
Ignore:		1.008.000_144
32-bit search:	SOFTWARE\JavaSoft\Java Runtime Environment...
Check:		SOFTWARE\JavaSoft\Java Runtime Environment\1.8
Ignore:		1.008.000
Check:		SOFTWARE\JavaSoft\Java Runtime Environment\1.8.0_221
Check launcher:	C:\Program Files (x86)\Java\jre1.8.0_221\bin\javaw.exe (OK)
Match:		1.008.000_221
64-bit search:	SOFTWARE\JavaSoft\Java Development Kit...
Check:		SOFTWARE\JavaSoft\Java Development Kit\1.8
Ignore:		1.008.000
Check:		SOFTWARE\JavaSoft\Java Development Kit\1.8.0_144
Ignore:		1.008.000_144
32-bit search:	SOFTWARE\JavaSoft\Java Development Kit...
64-bit search:	SOFTWARE\JavaSoft\JRE...
32-bit search:	SOFTWARE\JavaSoft\JRE...
64-bit search:	SOFTWARE\JavaSoft\JDK...
32-bit search:	SOFTWARE\JavaSoft\JDK...
Runtime used:	1.008.000_221 (32-bit)
Main class:	com.pfcti.cbsutils.cbsUtils
Add classpath:	dependency\java-util-1.3.6.jar
Add classpath:	dependency\slf4j-api-1.7.22.jar
Add classpath:	dependency\config-magic-0.17.jar
Add classpath:	dependency\guava-16.0.1.jar
Add classpath:	dependency\jackson-annotations-2.6.7.jar
Add classpath:	dependency\jackson-core-2.6.7.jar
Add classpath:	dependency\jackson-databind-2.6.7.jar
Add classpath:	dependency\opencsv-2.3.jar
Add classpath:	dependency\joda-time-2.9.7.jar
Add classpath:	dependency\rhino-1.7R5.jar
Add classpath:	dependency\json-path-2.1.0.jar
Add classpath:	dependency\netty-3.10.6.Final.jar
Add classpath:	dependency\jsr305-2.0.1.jar
Add classpath:	dependency\validation-api-1.1.0.Final.jar
Add classpath:	dependency\async-http-client-2.9.0.jar
Add classpath:	dependency\async-http-client-netty-utils-2.9.0.jar
Add classpath:	dependency\netty-buffer-4.1.33.Final.jar
Add classpath:	dependency\netty-codec-http-4.1.33.Final.jar
Add classpath:	dependency\netty-common-4.1.33.Final.jar
Add classpath:	dependency\netty-transport-4.1.33.Final.jar
Add classpath:	dependency\netty-codec-4.1.33.Final.jar
Add classpath:	dependency\netty-handler-4.1.33.Final.jar
Add classpath:	dependency\netty-codec-socks-4.1.33.Final.jar
Add classpath:	dependency\netty-handler-proxy-4.1.33.Final.jar
Add classpath:	dependency\netty-transport-native-epoll-4.1.33.Final-linux-x86_64.jar
Add classpath:	dependency\netty-transport-native-unix-common-4.1.33.Final.jar
Add classpath:	dependency\netty-resolver-dns-4.1.33.Final.jar
Add classpath:	dependency\netty-resolver-4.1.33.Final.jar
Add classpath:	dependency\netty-codec-dns-4.1.33.Final.jar
Add classpath:	dependency\reactive-streams-1.0.2.jar
Add classpath:	dependency\netty-reactive-streams-2.0.0.jar
Add classpath:	dependency\javax.activation-1.2.0.jar
Add classpath:	dependency\jvm-attach-api-1.2.jar
Add classpath:	dependency\commons-io-2.6.jar
Add classpath:	dependency\ojdbc8-19.6.0.0.jar
Add classpath:	dependency\ucp-19.6.0.0.jar
Add classpath:	dependency\oraclepki-19.6.0.0.jar
Add classpath:	dependency\osdt_cert-19.6.0.0.jar
Add classpath:	dependency\osdt_core-19.6.0.0.jar
Add classpath:	dependency\simplefan-19.6.0.0.jar
Add classpath:	dependency\ons-19.6.0.0.jar
Launcher:	C:\Program Files (x86)\Java\jre1.8.0_221\bin\javaw.exe
Launcher args:	-classpath "C:\Users\rodolfo.matamoros\Documents\NetBeansProjects\cbsUtils\Exe\cbsUtils.exe;dependency\java-util-1.3.6.jar;dependency\slf4j-api-1.7.22.jar;dependency\config-magic-0.17.jar;dependency\guava-16.0.1.jar;dependency\jackson-annotations-2.6.7.jar;dependency\jackson-core-2.6.7.jar;dependency\jackson-databind-2.6.7.jar;dependency\opencsv-2.3.jar;dependency\joda-time-2.9.7.jar;dependency\rhino-1.7R5.jar;dependency\json-path-2.1.0.jar;dependency\netty-3.10.6.Final.jar;dependency\jsr305-2.0.1.jar;dependency\validation-api-1.1.0.Final.jar;dependency\async-http-client-2.9.0.jar;dependency\async-http-client-netty-utils-2.9.0.jar;dependency\netty-buffer-4.1.33.Final.jar;dependency\netty-codec-http-4.1.33.Final.jar;dependency\netty-common-4.1.33.Final.jar;dependency\netty-transport-4.1.33.Final.jar;dependency\netty-codec-4.1.33.Final.jar;dependency\netty-handler-4.1.33.Final.jar;dependency\netty-codec-socks-4.1.33.Final.jar;dependency\netty-handler-proxy-4.1.33.Final.jar;dependency\netty-transport-native-epoll-4.1.33.Final-linux-x86_64.jar;dependency\netty-transport-native-unix-common-4.1.33.Final.jar;dependency\netty-resolver-dns-4.1.33.Final.jar;dependency\netty-resolver-4.1.33.Final.jar;dependency\netty-codec-dns-4.1.33.Final.jar;dependency\reactive-streams-1.0.2.jar;dependency\netty-reactive-streams-2.0.0.jar;dependency\javax.activation-1.2.0.jar;dependency\jvm-attach-api-1.2.jar;dependency\commons-io-2.6.jar;dependency\ojdbc8-19.6.0.0.jar;dependency\ucp-19.6.0.0.jar;dependency\oraclepki-19.6.0.0.jar;dependency\osdt_cert-19.6.0.0.jar;dependency\osdt_core-19.6.0.0.jar;dependency\simplefan-19.6.0.0.jar;dependency\ons-19.6.0.0.jar" com.pfcti.cbsutils.cbsUtils
Args length:	1688/32768 chars
Exit code:	0
